<?xml version="1.0" encoding="UTF-8"?>
<!-- Generated by org.testng.reporters.JUnitXMLReporter -->
<testsuite hostname="admichy-PC" name="Default test" tests="1" failures="1" timestamp="15 Jun 2017 03:44:11 GMT" time="142.552" errors="0">
  <testcase name="@AfterTest afterTest" time="0.0" classname="com.ceeety.autotest.flight_reminder.testcases.LoginTest">
    <failure type="org.openqa.selenium.remote.SessionNotFoundException" message="
Command duration or timeout: 17 milliseconds
Build info: version: &amp;apos;2.53.1&amp;apos;, revision: &amp;apos;a36b8b1cd5757287168e54b817830adce9b0158d&amp;apos;, time: &amp;apos;2016-06-30 19:26:09&amp;apos;
System info: host: &amp;apos;admichy-PC&amp;apos;, ip: &amp;apos;192.168.0.26&amp;apos;, os.name: &amp;apos;Windows 7&amp;apos;, os.arch: &amp;apos;amd64&amp;apos;, os.version: &amp;apos;6.1&amp;apos;, java.version: &amp;apos;1.8.0_121&amp;apos;
Driver info: io.appium.java_client.android.AndroidDriver
Capabilities [{app=C:\eclipse\workspace\flight_reminder\app\weixin658android1060.apk, appPackage=com.tencent.mm, networkConnectionEnabled=true, recreateChromeDriverSessions=true, noReset=true, noSign=true, warnings={}, databaseEnabled=false, deviceName=1976974f, platform=LINUX, appActivity=com.tencent.mm.ui.LauncherUI, desired={app=C:\eclipse\workspace\flight_reminder\app\weixin658android1060.apk, appPackage=com.tencent.mm, recreateChromeDriverSessions=true, noReset=true, noSign=true, deviceName=1976974f, appActivity=com.tencent.mm.ui.LauncherUI, platformVersion=6.0, browserName=, unicodeKeyboard=true, chromeOptions={args=[], extensions=[], androidProcess=com.tencent.mm:tools}, platformName=Android, resetKeyboard=true}, platformVersion=6.0.1, webStorageEnabled=false, locationContextEnabled=false, browserName=, takesScreenshot=true, javascriptEnabled=true, unicodeKeyboard=true, chromeOptions={args=[], extensions=[], androidProcess=com.tencent.mm:tools}, platformName=Android, resetKeyboard=true}]
Session ID: 3fea9801-2136-4a14-87a4-2a4a64cfae4b">
      <![CDATA[org.openqa.selenium.remote.SessionNotFoundException: 
Command duration or timeout: 17 milliseconds
Build info: version: '2.53.1', revision: 'a36b8b1cd5757287168e54b817830adce9b0158d', time: '2016-06-30 19:26:09'
System info: host: 'admichy-PC', ip: '192.168.0.26', os.name: 'Windows 7', os.arch: 'amd64', os.version: '6.1', java.version: '1.8.0_121'
Driver info: io.appium.java_client.android.AndroidDriver
Capabilities [{app=C:\eclipse\workspace\flight_reminder\app\weixin658android1060.apk, appPackage=com.tencent.mm, networkConnectionEnabled=true, recreateChromeDriverSessions=true, noReset=true, noSign=true, warnings={}, databaseEnabled=false, deviceName=1976974f, platform=LINUX, appActivity=com.tencent.mm.ui.LauncherUI, desired={app=C:\eclipse\workspace\flight_reminder\app\weixin658android1060.apk, appPackage=com.tencent.mm, recreateChromeDriverSessions=true, noReset=true, noSign=true, deviceName=1976974f, appActivity=com.tencent.mm.ui.LauncherUI, platformVersion=6.0, browserName=, unicodeKeyboard=true, chromeOptions={args=[], extensions=[], androidProcess=com.tencent.mm:tools}, platformName=Android, resetKeyboard=true}, platformVersion=6.0.1, webStorageEnabled=false, locationContextEnabled=false, browserName=, takesScreenshot=true, javascriptEnabled=true, unicodeKeyboard=true, chromeOptions={args=[], extensions=[], androidProcess=com.tencent.mm:tools}, platformName=Android, resetKeyboard=true}]
Session ID: 3fea9801-2136-4a14-87a4-2a4a64cfae4b
	at sun.reflect.NativeConstructorAccessorImpl.newInstance0(Native Method)
	at sun.reflect.NativeConstructorAccessorImpl.newInstance(NativeConstructorAccessorImpl.java:62)
	at sun.reflect.DelegatingConstructorAccessorImpl.newInstance(DelegatingConstructorAccessorImpl.java:45)
	at java.lang.reflect.Constructor.newInstance(Constructor.java:423)
	at org.openqa.selenium.remote.ErrorHandler.createThrowable(ErrorHandler.java:206)
	at org.openqa.selenium.remote.ErrorHandler.throwIfResponseFailed(ErrorHandler.java:158)
	at org.openqa.selenium.remote.RemoteWebDriver.execute(RemoteWebDriver.java:678)
	at io.appium.java_client.DefaultGenericMobileDriver.execute(DefaultGenericMobileDriver.java:40)
	at io.appium.java_client.AppiumDriver.execute(AppiumDriver.java:235)
	at org.openqa.selenium.remote.RemoteWebDriver.quit(RemoteWebDriver.java:526)
	at com.ceeety.autotest.flight_reminder.testcases.BaseTest.afterTest(BaseTest.java:51)
	at sun.reflect.NativeMethodAccessorImpl.invoke0(Native Method)
	at sun.reflect.NativeMethodAccessorImpl.invoke(NativeMethodAccessorImpl.java:62)
	at sun.reflect.DelegatingMethodAccessorImpl.invoke(DelegatingMethodAccessorImpl.java:43)
	at java.lang.reflect.Method.invoke(Method.java:498)
	at org.testng.internal.MethodInvocationHelper.invokeMethod(MethodInvocationHelper.java:86)
	at org.testng.internal.Invoker.invokeConfigurationMethod(Invoker.java:514)
	at org.testng.internal.Invoker.invokeConfigurations(Invoker.java:215)
	at org.testng.internal.Invoker.invokeConfigurations(Invoker.java:142)
	at org.testng.TestRunner.afterRun(TestRunner.java:1012)
	at org.testng.TestRunner.run(TestRunner.java:636)
	at org.testng.SuiteRunner.runTest(SuiteRunner.java:366)
	at org.testng.SuiteRunner.runSequentially(SuiteRunner.java:361)
	at org.testng.SuiteRunner.privateRun(SuiteRunner.java:319)
	at org.testng.SuiteRunner.run(SuiteRunner.java:268)
	at org.testng.SuiteRunnerWorker.runSuite(SuiteRunnerWorker.java:52)
	at org.testng.SuiteRunnerWorker.run(SuiteRunnerWorker.java:86)
	at org.testng.TestNG.runSuitesSequentially(TestNG.java:1244)
	at org.testng.TestNG.runSuitesLocally(TestNG.java:1169)
	at org.testng.TestNG.run(TestNG.java:1064)
	at org.testng.remote.AbstractRemoteTestNG.run(AbstractRemoteTestNG.java:126)
	at org.testng.remote.RemoteTestNG.initAndRun(RemoteTestNG.java:137)
	at org.testng.remote.RemoteTestNG.main(RemoteTestNG.java:58)
]]>
    </failure>
  </testcase> <!-- @AfterTest afterTest -->
  <testcase name="testLogin" time="120.886" classname="com.ceeety.autotest.flight_reminder.testcases.LoginTest">
    <failure type="org.openqa.selenium.remote.SessionNotFoundException" message="
Command duration or timeout: 20 milliseconds
Build info: version: &amp;apos;2.53.1&amp;apos;, revision: &amp;apos;a36b8b1cd5757287168e54b817830adce9b0158d&amp;apos;, time: &amp;apos;2016-06-30 19:26:09&amp;apos;
System info: host: &amp;apos;admichy-PC&amp;apos;, ip: &amp;apos;192.168.0.26&amp;apos;, os.name: &amp;apos;Windows 7&amp;apos;, os.arch: &amp;apos;amd64&amp;apos;, os.version: &amp;apos;6.1&amp;apos;, java.version: &amp;apos;1.8.0_121&amp;apos;
Driver info: io.appium.java_client.android.AndroidDriver
Capabilities [{app=C:\eclipse\workspace\flight_reminder\app\weixin658android1060.apk, appPackage=com.tencent.mm, networkConnectionEnabled=true, recreateChromeDriverSessions=true, noReset=true, noSign=true, warnings={}, databaseEnabled=false, deviceName=1976974f, platform=LINUX, appActivity=com.tencent.mm.ui.LauncherUI, desired={app=C:\eclipse\workspace\flight_reminder\app\weixin658android1060.apk, appPackage=com.tencent.mm, recreateChromeDriverSessions=true, noReset=true, noSign=true, deviceName=1976974f, appActivity=com.tencent.mm.ui.LauncherUI, platformVersion=6.0, browserName=, unicodeKeyboard=true, chromeOptions={args=[], extensions=[], androidProcess=com.tencent.mm:tools}, platformName=Android, resetKeyboard=true}, platformVersion=6.0.1, webStorageEnabled=false, locationContextEnabled=false, browserName=, takesScreenshot=true, javascriptEnabled=true, unicodeKeyboard=true, chromeOptions={args=[], extensions=[], androidProcess=com.tencent.mm:tools}, platformName=Android, resetKeyboard=true}]
Session ID: 3fea9801-2136-4a14-87a4-2a4a64cfae4b">
      <![CDATA[org.openqa.selenium.remote.SessionNotFoundException: 
Command duration or timeout: 20 milliseconds
Build info: version: '2.53.1', revision: 'a36b8b1cd5757287168e54b817830adce9b0158d', time: '2016-06-30 19:26:09'
System info: host: 'admichy-PC', ip: '192.168.0.26', os.name: 'Windows 7', os.arch: 'amd64', os.version: '6.1', java.version: '1.8.0_121'
Driver info: io.appium.java_client.android.AndroidDriver
Capabilities [{app=C:\eclipse\workspace\flight_reminder\app\weixin658android1060.apk, appPackage=com.tencent.mm, networkConnectionEnabled=true, recreateChromeDriverSessions=true, noReset=true, noSign=true, warnings={}, databaseEnabled=false, deviceName=1976974f, platform=LINUX, appActivity=com.tencent.mm.ui.LauncherUI, desired={app=C:\eclipse\workspace\flight_reminder\app\weixin658android1060.apk, appPackage=com.tencent.mm, recreateChromeDriverSessions=true, noReset=true, noSign=true, deviceName=1976974f, appActivity=com.tencent.mm.ui.LauncherUI, platformVersion=6.0, browserName=, unicodeKeyboard=true, chromeOptions={args=[], extensions=[], androidProcess=com.tencent.mm:tools}, platformName=Android, resetKeyboard=true}, platformVersion=6.0.1, webStorageEnabled=false, locationContextEnabled=false, browserName=, takesScreenshot=true, javascriptEnabled=true, unicodeKeyboard=true, chromeOptions={args=[], extensions=[], androidProcess=com.tencent.mm:tools}, platformName=Android, resetKeyboard=true}]
Session ID: 3fea9801-2136-4a14-87a4-2a4a64cfae4b
	at sun.reflect.NativeConstructorAccessorImpl.newInstance0(Native Method)
	at sun.reflect.NativeConstructorAccessorImpl.newInstance(NativeConstructorAccessorImpl.java:62)
	at sun.reflect.DelegatingConstructorAccessorImpl.newInstance(DelegatingConstructorAccessorImpl.java:45)
	at java.lang.reflect.Constructor.newInstance(Constructor.java:423)
	at org.openqa.selenium.remote.ErrorHandler.createThrowable(ErrorHandler.java:206)
	at org.openqa.selenium.remote.ErrorHandler.throwIfResponseFailed(ErrorHandler.java:158)
	at org.openqa.selenium.remote.RemoteWebDriver.execute(RemoteWebDriver.java:678)
	at io.appium.java_client.DefaultGenericMobileDriver.execute(DefaultGenericMobileDriver.java:40)
	at io.appium.java_client.AppiumDriver.execute(AppiumDriver.java:235)
	at org.openqa.selenium.remote.RemoteWebDriver.getPageSource(RemoteWebDriver.java:511)
	at com.ceeety.autotest.flight_reminder.pages.BasePage.<init>(BasePage.java:56)
	at com.ceeety.autotest.flight_reminder.pages.WebViewFlightNoPage.<init>(WebViewFlightNoPage.java:18)
	at com.ceeety.autotest.flight_reminder.pages.ChatPage.toFlightPage(ChatPage.java:27)
	at com.ceeety.autotest.flight_reminder.testcases.LoginTest.testLogin(LoginTest.java:36)
	at sun.reflect.NativeMethodAccessorImpl.invoke0(Native Method)
	at sun.reflect.NativeMethodAccessorImpl.invoke(NativeMethodAccessorImpl.java:62)
	at sun.reflect.DelegatingMethodAccessorImpl.invoke(DelegatingMethodAccessorImpl.java:43)
	at java.lang.reflect.Method.invoke(Method.java:498)
	at org.testng.internal.MethodInvocationHelper.invokeMethod(MethodInvocationHelper.java:86)
	at org.testng.internal.Invoker.invokeMethod(Invoker.java:643)
	at org.testng.internal.Invoker.invokeTestMethod(Invoker.java:820)
	at org.testng.internal.Invoker.invokeTestMethods(Invoker.java:1128)
	at org.testng.internal.TestMethodWorker.invokeTestMethods(TestMethodWorker.java:129)
	at org.testng.internal.TestMethodWorker.run(TestMethodWorker.java:112)
	at org.testng.TestRunner.privateRun(TestRunner.java:782)
	at org.testng.TestRunner.run(TestRunner.java:632)
	at org.testng.SuiteRunner.runTest(SuiteRunner.java:366)
	at org.testng.SuiteRunner.runSequentially(SuiteRunner.java:361)
	at org.testng.SuiteRunner.privateRun(SuiteRunner.java:319)
	at org.testng.SuiteRunner.run(SuiteRunner.java:268)
	at org.testng.SuiteRunnerWorker.runSuite(SuiteRunnerWorker.java:52)
	at org.testng.SuiteRunnerWorker.run(SuiteRunnerWorker.java:86)
	at org.testng.TestNG.runSuitesSequentially(TestNG.java:1244)
	at org.testng.TestNG.runSuitesLocally(TestNG.java:1169)
	at org.testng.TestNG.run(TestNG.java:1064)
	at org.testng.remote.AbstractRemoteTestNG.run(AbstractRemoteTestNG.java:126)
	at org.testng.remote.RemoteTestNG.initAndRun(RemoteTestNG.java:137)
	at org.testng.remote.RemoteTestNG.main(RemoteTestNG.java:58)
]]>
    </failure>
  </testcase> <!-- testLogin -->
</testsuite> <!-- Default test -->
