<?xml version="1.0" encoding="UTF-8"?>
<!-- Generated by org.testng.reporters.JUnitXMLReporter -->
<testsuite hostname="admichy-PC" name="Default test" tests="4" failures="0" timestamp="13 Jun 2017 03:25:00 GMT" time="26.482" errors="0">
  <testcase name="testLogin" time="0.014" classname="com.ceeety.autotest.flight_reminder.testcases.LoginTest"/>
  <testcase name="testLogin" time="0.032" classname="com.ceeety.autotest.flight_reminder.testcases.LoginTest"/>
  <testcase name="testLogin" time="0.003" classname="com.ceeety.autotest.flight_reminder.testcases.LoginTest"/>
  <testcase name="testLogin" time="0.005" classname="com.ceeety.autotest.flight_reminder.testcases.LoginTest"/>
</testsuite> <!-- Default test -->
