<?xml version="1.0" encoding="UTF-8"?>
<!-- Generated by org.testng.reporters.JUnitXMLReporter -->
<testsuite hostname="admichy-PC" name="Test" tests="1" failures="1" timestamp="9 Jun 2017 09:04:47 GMT" time="54.936" errors="0">
  <testcase name="testLogin" time="0.862" classname="com.ceeety.autotest.flight_reminder.testcases.LoginTest">
    <failure type="io.appium.java_client.NoSuchContextException" message="No such context found. (WARNING: The server did not provide any stacktrace information)
Command duration or timeout: 273 milliseconds
Build info: version: &amp;apos;2.53.1&amp;apos;, revision: &amp;apos;a36b8b1cd5757287168e54b817830adce9b0158d&amp;apos;, time: &amp;apos;2016-06-30 19:26:09&amp;apos;
System info: host: &amp;apos;admichy-PC&amp;apos;, ip: &amp;apos;192.168.0.26&amp;apos;, os.name: &amp;apos;Windows 7&amp;apos;, os.arch: &amp;apos;amd64&amp;apos;, os.version: &amp;apos;6.1&amp;apos;, java.version: &amp;apos;1.8.0_121&amp;apos;
Driver info: io.appium.java_client.android.AndroidDriver
Capabilities [{app=C:\eclipse\workspace\flight_reminder\app\weixin658android1060.apk, appPackage=com.tencent.mm, networkConnectionEnabled=true, recreateChromeDriverSessions=true, noReset=true, noSign=true, warnings={}, databaseEnabled=false, deviceName=a7aa6477d03, platform=LINUX, appActivity=com.tencent.mm.ui.LauncherUI, desired={app=C:\eclipse\workspace\flight_reminder\app\weixin658android1060.apk, appPackage=com.tencent.mm, recreateChromeDriverSessions=true, noReset=true, noSign=true, deviceName=a7aa6477d03, appActivity=com.tencent.mm.ui.LauncherUI, platformVersion=6.0, browserName=, unicodeKeyboard=true, chromeOptions={args=[], extensions=[], androidProcess=com.tencent.mm:tools}, platformName=Android, resetKeyboard=true}, platformVersion=6.0.1, webStorageEnabled=false, locationContextEnabled=false, browserName=, takesScreenshot=true, javascriptEnabled=true, unicodeKeyboard=true, chromeOptions={args=[], extensions=[], androidProcess=com.tencent.mm:tools}, platformName=Android, resetKeyboard=true}]
Session ID: b3996886-bda0-46bb-aa67-d27b3cb897df">
      <![CDATA[io.appium.java_client.NoSuchContextException: No such context found. (WARNING: The server did not provide any stacktrace information)
Command duration or timeout: 273 milliseconds
Build info: version: '2.53.1', revision: 'a36b8b1cd5757287168e54b817830adce9b0158d', time: '2016-06-30 19:26:09'
System info: host: 'admichy-PC', ip: '192.168.0.26', os.name: 'Windows 7', os.arch: 'amd64', os.version: '6.1', java.version: '1.8.0_121'
Driver info: io.appium.java_client.android.AndroidDriver
Capabilities [{app=C:\eclipse\workspace\flight_reminder\app\weixin658android1060.apk, appPackage=com.tencent.mm, networkConnectionEnabled=true, recreateChromeDriverSessions=true, noReset=true, noSign=true, warnings={}, databaseEnabled=false, deviceName=a7aa6477d03, platform=LINUX, appActivity=com.tencent.mm.ui.LauncherUI, desired={app=C:\eclipse\workspace\flight_reminder\app\weixin658android1060.apk, appPackage=com.tencent.mm, recreateChromeDriverSessions=true, noReset=true, noSign=true, deviceName=a7aa6477d03, appActivity=com.tencent.mm.ui.LauncherUI, platformVersion=6.0, browserName=, unicodeKeyboard=true, chromeOptions={args=[], extensions=[], androidProcess=com.tencent.mm:tools}, platformName=Android, resetKeyboard=true}, platformVersion=6.0.1, webStorageEnabled=false, locationContextEnabled=false, browserName=, takesScreenshot=true, javascriptEnabled=true, unicodeKeyboard=true, chromeOptions={args=[], extensions=[], androidProcess=com.tencent.mm:tools}, platformName=Android, resetKeyboard=true}]
Session ID: b3996886-bda0-46bb-aa67-d27b3cb897df
	at org.openqa.selenium.remote.ErrorHandler.createThrowable(ErrorHandler.java:206)
	at org.openqa.selenium.remote.ErrorHandler.throwIfResponseFailed(ErrorHandler.java:158)
	at org.openqa.selenium.remote.RemoteWebDriver.execute(RemoteWebDriver.java:678)
	at io.appium.java_client.DefaultGenericMobileDriver.execute(DefaultGenericMobileDriver.java:40)
	at io.appium.java_client.AppiumDriver.execute(AppiumDriver.java:1)
	at io.appium.java_client.android.AndroidDriver.execute(AndroidDriver.java:1)
	at io.appium.java_client.AppiumDriver.context(AppiumDriver.java:557)
	at com.ceeety.autotest.flight_reminder.pages.BasePage.<init>(BasePage.java:40)
	at com.ceeety.autotest.flight_reminder.pages.FlightReminderHomePage.<init>(FlightReminderHomePage.java:17)
	at com.ceeety.autotest.flight_reminder.testcases.LoginTest.testLogin(LoginTest.java:27)
... Removed 31 stack frames]]>
    </failure>
  </testcase> <!-- testLogin -->
</testsuite> <!-- Test -->
