<?xml version="1.0" encoding="UTF-8"?>
<testng-results skipped="0" failed="0" total="1" passed="1">
  <reporter-output>
  </reporter-output>
  <suite name="Suite" duration-ms="49044" started-at="2017-06-13T09:38:56Z" finished-at="2017-06-13T09:39:45Z">
    <groups>
    </groups>
    <test name="Test" duration-ms="49044" started-at="2017-06-13T09:38:56Z" finished-at="2017-06-13T09:39:45Z">
      <class name="com.ceeety.autotest.flight_reminder.testcases.LoginTest">
        <test-method status="PASS" signature="beforeTest()[pri:0, instance:com.ceeety.autotest.flight_reminder.testcases.LoginTest@5056dfcb]" name="beforeTest" is-config="true" duration-ms="22458" started-at="2017-06-13T17:38:56Z" finished-at="2017-06-13T17:39:18Z">
          <reporter-output>
          </reporter-output>
        </test-method> <!-- beforeTest -->
        <test-method status="PASS" signature="testLogin()[pri:0, instance:com.ceeety.autotest.flight_reminder.testcases.LoginTest@5056dfcb]" name="testLogin" duration-ms="23421" started-at="2017-06-13T17:39:18Z" finished-at="2017-06-13T17:39:41Z">
          <reporter-output>
          </reporter-output>
        </test-method> <!-- testLogin -->
        <test-method status="PASS" signature="afterTest()[pri:0, instance:com.ceeety.autotest.flight_reminder.testcases.LoginTest@5056dfcb]" name="afterTest" is-config="true" duration-ms="3133" started-at="2017-06-13T17:39:41Z" finished-at="2017-06-13T17:39:45Z">
          <reporter-output>
          </reporter-output>
        </test-method> <!-- afterTest -->
      </class> <!-- com.ceeety.autotest.flight_reminder.testcases.LoginTest -->
    </test> <!-- Test -->
  </suite> <!-- Suite -->
</testng-results>
