<?xml version="1.0" encoding="UTF-8"?>
<testsuite xmlns:xsi="http://www.w3.org/2001/XMLSchema-instance" xsi:schemaLocation="https://maven.apache.org/surefire/maven-surefire-plugin/xsd/surefire-test-report.xsd" name="TestSuite" time="55.699" tests="1" errors="0" skipped="0" failures="1">
  <properties>
[...]
</properties>
  <testcase name="testLogin" classname="com.ceeety.autotest.flight_reminder.testcases.LoginTest" time="0.894">
    <failure message="No such context found. (WARNING: The server did not provide any stacktrace information)&#10;Command duration or timeout: 273 milliseconds&#10;Build info: version: &apos;2.53.1&apos;, revision: &apos;a36b8b1cd5757287168e54b817830adce9b0158d&apos;, time: &apos;2016-06-30 19:26:09&apos;&#10;System info: host: &apos;admichy-PC&apos;, ip: &apos;192.168.0.26&apos;, os.name: &apos;Windows 7&apos;, os.arch: &apos;amd64&apos;, os.version: &apos;6.1&apos;, java.version: &apos;1.8.0_121&apos;&#10;Driver info: io.appium.java_client.android.AndroidDriver&#10;Capabilities [{app=C:\eclipse\workspace\flight_reminder\app\weixin658android1060.apk, appPackage=com.tencent.mm, networkConnectionEnabled=true, recreateChromeDriverSessions=true, noReset=true, noSign=true, warnings={}, databaseEnabled=false, deviceName=a7aa6477d03, platform=LINUX, appActivity=com.tencent.mm.ui.LauncherUI, desired={app=C:\eclipse\workspace\flight_reminder\app\weixin658android1060.apk, appPackage=com.tencent.mm, recreateChromeDriverSessions=true, noReset=true, noSign=true, deviceName=a7aa6477d03, appActivity=com.tencent.mm.ui.LauncherUI, platformVersion=6.0, browserName=, unicodeKeyboard=true, chromeOptions={args=[], extensions=[], androidProcess=com.tencent.mm:tools}, platformName=Android, resetKeyboard=true}, platformVersion=6.0.1, webStorageEnabled=false, locationContextEnabled=false, browserName=, takesScreenshot=true, javascriptEnabled=true, unicodeKeyboard=true, chromeOptions={args=[], extensions=[], androidProcess=com.tencent.mm:tools}, platformName=Android, resetKeyboard=true}]&#10;Session ID: b3996886-bda0-46bb-aa67-d27b3cb897df" type="io.appium.java_client.NoSuchContextException">io.appium.java_client.NoSuchContextException: 
No such context found. (WARNING: The server did not provide any stacktrace information)
Command duration or timeout: 273 milliseconds
Build info: version: '2.53.1', revision: 'a36b8b1cd5757287168e54b817830adce9b0158d', time: '2016-06-30 19:26:09'
System info: host: 'admichy-PC', ip: '192.168.0.26', os.name: 'Windows 7', os.arch: 'amd64', os.version: '6.1', java.version: '1.8.0_121'
Driver info: io.appium.java_client.android.AndroidDriver
Capabilities [{app=C:\eclipse\workspace\flight_reminder\app\weixin658android1060.apk, appPackage=com.tencent.mm, networkConnectionEnabled=true, recreateChromeDriverSessions=true, noReset=true, noSign=true, warnings={}, databaseEnabled=false, deviceName=a7aa6477d03, platform=LINUX, appActivity=com.tencent.mm.ui.LauncherUI, desired={app=C:\eclipse\workspace\flight_reminder\app\weixin658android1060.apk, appPackage=com.tencent.mm, recreateChromeDriverSessions=true, noReset=true, noSign=true, deviceName=a7aa6477d03, appActivity=com.tencent.mm.ui.LauncherUI, platformVersion=6.0, browserName=, unicodeKeyboard=true, chromeOptions={args=[], extensions=[], androidProcess=com.tencent.mm:tools}, platformName=Android, resetKeyboard=true}, platformVersion=6.0.1, webStorageEnabled=false, locationContextEnabled=false, browserName=, takesScreenshot=true, javascriptEnabled=true, unicodeKeyboard=true, chromeOptions={args=[], extensions=[], androidProcess=com.tencent.mm:tools}, platformName=Android, resetKeyboard=true}]
Session ID: b3996886-bda0-46bb-aa67-d27b3cb897df
	at com.ceeety.autotest.flight_reminder.testcases.LoginTest.testLogin(LoginTest.java:27)
</failure>
    <system-out><![CDATA[---------------------------
NATIVE_APP
no WEBVIEW
]]></system-out>
  </testcase>
</testsuite>