<?xml version="1.0" encoding="UTF-8"?>
<testng-results skipped="0" failed="0" total="4" passed="4">
  <reporter-output>
  </reporter-output>
  <suite name="Default suite" duration-ms="26482" started-at="2017-06-13T03:24:33Z" finished-at="2017-06-13T03:25:00Z">
    <groups>
    </groups>
    <test name="Default test" duration-ms="26482" started-at="2017-06-13T03:24:33Z" finished-at="2017-06-13T03:25:00Z">
      <class name="com.ceeety.autotest.flight_reminder.testcases.LoginTest">
        <test-method status="PASS" signature="beforeTest()[pri:0, instance:com.ceeety.autotest.flight_reminder.testcases.LoginTest@30b8a058]" name="beforeTest" is-config="true" duration-ms="23546" started-at="2017-06-13T11:24:33Z" finished-at="2017-06-13T11:24:57Z">
          <reporter-output>
          </reporter-output>
        </test-method> <!-- beforeTest -->
        <test-method status="PASS" signature="testLogin(java.util.Map)[pri:0, instance:com.ceeety.autotest.flight_reminder.testcases.LoginTest@30b8a058]" name="testLogin" duration-ms="14" started-at="2017-06-13T11:24:57Z" data-provider="data" finished-at="2017-06-13T11:24:57Z">
          <params>
            <param index="0">
              <value>
                <![CDATA[{字段1=a1, 字段2=b1, 字段3=c1}]]>
              </value>
            </param>
          </params>
          <reporter-output>
          </reporter-output>
        </test-method> <!-- testLogin -->
        <test-method status="PASS" signature="testLogin(java.util.Map)[pri:0, instance:com.ceeety.autotest.flight_reminder.testcases.LoginTest@30b8a058]" name="testLogin" duration-ms="32" started-at="2017-06-13T11:24:57Z" data-provider="data" finished-at="2017-06-13T11:24:57Z">
          <params>
            <param index="0">
              <value>
                <![CDATA[{字段1=a2, 字段2=b2, 字段3=c2}]]>
              </value>
            </param>
          </params>
          <reporter-output>
          </reporter-output>
        </test-method> <!-- testLogin -->
        <test-method status="PASS" signature="testLogin(java.util.Map)[pri:0, instance:com.ceeety.autotest.flight_reminder.testcases.LoginTest@30b8a058]" name="testLogin" duration-ms="3" started-at="2017-06-13T11:24:57Z" data-provider="data" finished-at="2017-06-13T11:24:57Z">
          <params>
            <param index="0">
              <value>
                <![CDATA[{字段1=a3, 字段2=b3, 字段3=c3}]]>
              </value>
            </param>
          </params>
          <reporter-output>
          </reporter-output>
        </test-method> <!-- testLogin -->
        <test-method status="PASS" signature="testLogin(java.util.Map)[pri:0, instance:com.ceeety.autotest.flight_reminder.testcases.LoginTest@30b8a058]" name="testLogin" duration-ms="5" started-at="2017-06-13T11:24:57Z" data-provider="data" finished-at="2017-06-13T11:24:57Z">
          <params>
            <param index="0">
              <value>
                <![CDATA[{字段1=a4, 字段2=b4, 字段3=c4}]]>
              </value>
            </param>
          </params>
          <reporter-output>
          </reporter-output>
        </test-method> <!-- testLogin -->
        <test-method status="PASS" signature="afterTest()[pri:0, instance:com.ceeety.autotest.flight_reminder.testcases.LoginTest@30b8a058]" name="afterTest" is-config="true" duration-ms="2776" started-at="2017-06-13T11:24:57Z" finished-at="2017-06-13T11:25:00Z">
          <reporter-output>
          </reporter-output>
        </test-method> <!-- afterTest -->
      </class> <!-- com.ceeety.autotest.flight_reminder.testcases.LoginTest -->
    </test> <!-- Default test -->
  </suite> <!-- Default suite -->
</testng-results>
